<?xml version="1.0" encoding="UTF-8"?>
<!-- Generated by org.testng.reporters.JUnitReportReporter -->
<testsuite skipped="0" hostname="DESKTOP-UTKCRQQ" name="com.rbnp.TestScripts.CreateOrganizationTest" tests="1" failures="0" timestamp="17 Nov 2020 06:35:23 GMT" time="83.222" errors="0">
  <testcase name="createOrganozation" time="83.222" classname="com.rbnp.TestScripts.CreateOrganizationTest"/>
</testsuite> <!-- com.rbnp.TestScripts.CreateOrganizationTest -->
